<?xml version="1.0" encoding="UTF-8"?>
<testsuite xmlns:xsi="http://www.w3.org/2001/XMLSchema-instance" xsi:noNamespaceSchemaLocation="https://maven.apache.org/surefire/maven-surefire-plugin/xsd/surefire-test-report-3.0.xsd" version="3.0" name="tests.Tests" time="0.544" tests="3" errors="0" skipped="2" failures="1">
  <properties>
[...]
</properties>
  <testcase name="setUp" classname="tests.Tests" time="0.291">
    <failure message="C:\path\to\extension.crx does not exist" type="java.lang.IllegalArgumentException">java.lang.IllegalArgumentException: C:\path\to\extension.crx does not exist
	at tests.Tests.setUp(Tests.java:25)
</failure>
  </testcase>
  <testcase name="pruebaUno" classname="tests.Tests" time="0">
    <skipped message="C:\path\to\extension.crx does not exist"/>
  </testcase>
  <testcase name="tearDwon" classname="tests.Tests" time="0">
    <skipped/>
  </testcase>
</testsuite>