<?xml version="1.0" encoding="UTF-8"?>
<!-- Generated by org.testng.reporters.JUnitXMLReporter -->
<testsuite hostname="DiegoPC" ignored="0" name="Surefire test" tests="1" failures="0" timestamp="03 Jun 2019 06:30:40 GMT" time="0.041" errors="0">
  <testcase name="@BeforeMethod setUp" time="0.019" classname="tests.Tests">
    <failure type="java.lang.IllegalArgumentException" message="C:\path\to\extension.crx does not exist">
      <![CDATA[java.lang.IllegalArgumentException: C:\path\to\extension.crx does not exist
at com.google.common.base.Preconditions.checkArgument(Preconditions.java:210)
at org.openqa.selenium.opera.OperaOptions.addExtensions(OperaOptions.java:157)
at org.openqa.selenium.opera.OperaOptions.addExtensions(OperaOptions.java:144)
at tests.Tests.setUp(Tests.java:25)
... Removed 33 stack frames]]>
    </failure>
  </testcase> <!-- @BeforeMethod setUp -->
  <testcase name="@AfterMethod tearDwon" time="0.0" classname="tests.Tests">
    <skipped/>
  </testcase> <!-- @AfterMethod tearDwon -->
  <testcase name="pruebaUno" time="0.0" classname="tests.Tests">
    <skipped/>
  </testcase> <!-- pruebaUno -->
</testsuite> <!-- Surefire test -->
